# JRE version: OpenJDK Runtime Environment Temurin-17.0.7+7 (17.0.7+7) (build 17.0.7+7)
# Java VM: OpenJDK 64-Bit Server VM Temurin-17.0.7+7 (17.0.7+7, mixed mode, tiered, compressed oops, compressed class ptrs, g1 gc, windows-amd64)
GC Precious Log:
 CPUs: 4 total, 4 available
 Memory: 3965M
 Large Page Support: Disabled
 NUMA Support: Disabled
 Compressed Oops: Enabled (32-bit)
 Heap Region Size: 1M
 Heap Min Capacity: 8M
 Heap Initial Capacity: 62M
 Heap Max Capacity: 992M
 Pre-touch: Disabled
 Parallel Workers: 4
 Concurrent Workers: 1
 Concurrent Refinement Workers: 4
 Periodic GC: Disabled
Heap:
 garbage-first heap   total 43008K, used 28056K [0x00000000c2000000, 0x0000000100000000)
  region size 1024K, 7 young (7168K), 2 survivors (2048K)
 Metaspace       used 33260K, committed 33536K, reserved 1114112K
  class space    used 3906K, committed 4032K, reserved 1048576K
GC Heap History (18 events):
Event: 3.766 GC heap before
{Heap before GC invocations=0 (full 0):
 garbage-first heap   total 63488K, used 12288K [0x00000000c2000000, 0x0000000100000000)
  region size 1024K, 13 young (13312K), 0 survivors (0K)
 Metaspace       used 8744K, committed 8960K, reserved 1114112K
  class space    used 779K, committed 896K, reserved 1048576K
}
Event: 3.783 GC heap after
{Heap after GC invocations=1 (full 0):
 garbage-first heap   total 63488K, used 6069K [0x00000000c2000000, 0x0000000100000000)
  region size 1024K, 2 young (2048K), 2 survivors (2048K)
 Metaspace       used 8744K, committed 8960K, reserved 1114112K
  class space    used 779K, committed 896K, reserved 1048576K
}
Event: 4.703 GC heap before
{Heap before GC invocations=1 (full 0):
 garbage-first heap   total 63488K, used 17333K [0x00000000c2000000, 0x0000000100000000)
  region size 1024K, 13 young (13312K), 2 survivors (2048K)
 Metaspace       used 12792K, committed 12992K, reserved 1114112K
  class space    used 1255K, committed 1344K, reserved 1048576K
}
Event: 4.709 GC heap after
{Heap after GC invocations=2 (full 0):
 garbage-first heap   total 63488K, used 6794K [0x00000000c2000000, 0x0000000100000000)
  region size 1024K, 1 young (1024K), 1 survivors (1024K)
 Metaspace       used 12792K, committed 12992K, reserved 1114112K
  class space    used 1255K, committed 1344K, reserved 1048576K
}
Event: 6.006 GC heap before
{Heap before GC invocations=2 (full 0):
 garbage-first heap   total 63488K, used 27274K [0x00000000c2000000, 0x0000000100000000)
  region size 1024K, 21 young (21504K), 1 survivors (1024K)
 Metaspace       used 18407K, committed 18752K, reserved 1114112K
  class space    used 2027K, committed 2176K, reserved 1048576K
}
Event: 6.015 GC heap after
{Heap after GC invocations=3 (full 0):
 garbage-first heap   total 63488K, used 8248K [0x00000000c2000000, 0x0000000100000000)
  region size 1024K, 3 young (3072K), 3 survivors (3072K)
 Metaspace       used 18407K, committed 18752K, reserved 1114112K
  class space    used 2027K, committed 2176K, reserved 1048576K
}
Event: 6.402 GC heap before
{Heap before GC invocations=3 (full 0):
 garbage-first heap   total 63488K, used 14392K [0x00000000c2000000, 0x0000000100000000)
  region size 1024K, 10 young (10240K), 3 survivors (3072K)
 Metaspace       used 21194K, committed 21504K, reserved 1114112K
  class space    used 2375K, committed 2560K, reserved 1048576K
}
Event: 6.412 GC heap after
{Heap after GC invocations=4 (full 0):
 garbage-first heap   total 63488K, used 9426K [0x00000000c2000000, 0x0000000100000000)
  region size 1024K, 4 young (4096K), 4 survivors (4096K)
 Metaspace       used 21194K, committed 21504K, reserved 1114112K
  class space    used 2375K, committed 2560K, reserved 1048576K
}
Event: 7.265 GC heap before
{Heap before GC invocations=5 (full 0):
 garbage-first heap   total 37888K, used 27858K [0x00000000c2000000, 0x0000000100000000)
  region size 1024K, 22 young (22528K), 4 survivors (4096K)
 Metaspace       used 27763K, committed 28096K, reserved 1114112K
  class space    used 3119K, committed 3264K, reserved 1048576K
}
Event: 7.278 GC heap after
{Heap after GC invocations=6 (full 0):
 garbage-first heap   total 37888K, used 11560K [0x00000000c2000000, 0x0000000100000000)
  region size 1024K, 3 young (3072K), 3 survivors (3072K)
 Metaspace       used 27763K, committed 28096K, reserved 1114112K
  class space    used 3119K, committed 3264K, reserved 1048576K
}
Event: 7.323 GC heap before
{Heap before GC invocations=6 (full 0):
 garbage-first heap   total 37888K, used 12584K [0x00000000c2000000, 0x0000000100000000)
  region size 1024K, 4 young (4096K), 3 survivors (3072K)
 Metaspace       used 27998K, committed 28288K, reserved 1114112K
  class space    used 3156K, committed 3328K, reserved 1048576K
}
Event: 7.333 GC heap after
{Heap after GC invocations=7 (full 0):
 garbage-first heap   total 37888K, used 12257K [0x00000000c2000000, 0x0000000100000000)
  region size 1024K, 1 young (1024K), 1 survivors (1024K)
 Metaspace       used 27998K, committed 28288K, reserved 1114112K
  class space    used 3156K, committed 3328K, reserved 1048576K
}
Event: 7.872 GC heap before
{Heap before GC invocations=7 (full 0):
 garbage-first heap   total 37888K, used 23521K [0x00000000c2000000, 0x0000000100000000)
  region size 1024K, 13 young (13312K), 1 survivors (1024K)
 Metaspace       used 31050K, committed 31360K, reserved 1114112K
  class space    used 3593K, committed 3712K, reserved 1048576K
}
Event: 7.876 GC heap after
{Heap after GC invocations=8 (full 0):
 garbage-first heap   total 37888K, used 12446K [0x00000000c2000000, 0x0000000100000000)
  region size 1024K, 1 young (1024K), 1 survivors (1024K)
 Metaspace       used 31050K, committed 31360K, reserved 1114112K
  class space    used 3593K, committed 3712K, reserved 1048576K
}
Event: 23.005 GC heap before
{Heap before GC invocations=8 (full 0):
 garbage-first heap   total 37888K, used 20638K [0x00000000c2000000, 0x0000000100000000)
  region size 1024K, 5 young (5120K), 1 survivors (1024K)
 Metaspace       used 31413K, committed 31744K, reserved 1114112K
  class space    used 3648K, committed 3776K, reserved 1048576K
}
Event: 23.008 GC heap after
{Heap after GC invocations=9 (full 0):
 garbage-first heap   total 37888K, used 17886K [0x00000000c2000000, 0x0000000100000000)
  region size 1024K, 2 young (2048K), 2 survivors (2048K)
 Metaspace       used 31413K, committed 31744K, reserved 1114112K
  class space    used 3648K, committed 3776K, reserved 1048576K
}
Event: 25.469 GC heap before
{Heap before GC invocations=10 (full 0):
 garbage-first heap   total 43008K, used 32222K [0x00000000c2000000, 0x0000000100000000)
  region size 1024K, 11 young (11264K), 2 survivors (2048K)
 Metaspace       used 33039K, committed 33408K, reserved 1114112K
  class space    used 3874K, committed 4032K, reserved 1048576K
}
Event: 25.474 GC heap after
{Heap after GC invocations=11 (full 0):
 garbage-first heap   total 43008K, used 23960K [0x00000000c2000000, 0x0000000100000000)
  region size 1024K, 2 young (2048K), 2 survivors (2048K)
 Metaspace       used 33039K, committed 33408K, reserved 1114112K
  class space    used 3874K, committed 4032K, reserved 1048576K
}

