# JRE version: OpenJDK Runtime Environment Temurin-17.0.7+7 (17.0.7+7) (build 17.0.7+7)
# Java VM: OpenJDK 64-Bit Server VM Temurin-17.0.7+7 (17.0.7+7, mixed mode, tiered, compressed oops, compressed class ptrs, g1 gc, windows-amd64)
GC Precious Log:
 CPUs: 4 total, 4 available
 Memory: 3965M
 Large Page Support: Disabled
 NUMA Support: Disabled
 Compressed Oops: Enabled (32-bit)
 Heap Region Size: 1M
 Heap Min Capacity: 8M
 Heap Initial Capacity: 62M
 Heap Max Capacity: 992M
 Pre-touch: Disabled
 Parallel Workers: 4
 Concurrent Workers: 1
 Concurrent Refinement Workers: 4
 Periodic GC: Disabled
Heap:
 garbage-first heap   total 48128K, used 23952K [0x00000000c2000000, 0x0000000100000000)
  region size 1024K, 14 young (14336K), 4 survivors (4096K)
 Metaspace       used 32456K, committed 32768K, reserved 1114112K
  class space    used 3731K, committed 3904K, reserved 1048576K
GC Heap History (10 events):
Event: 2.779 GC heap before
{Heap before GC invocations=0 (full 0):
 garbage-first heap   total 63488K, used 12288K [0x00000000c2000000, 0x0000000100000000)
  region size 1024K, 13 young (13312K), 0 survivors (0K)
 Metaspace       used 7896K, committed 8000K, reserved 1114112K
  class space    used 673K, committed 704K, reserved 1048576K
}
Event: 2.811 GC heap after
{Heap after GC invocations=1 (full 0):
 garbage-first heap   total 63488K, used 8624K [0x00000000c2000000, 0x0000000100000000)
  region size 1024K, 2 young (2048K), 2 survivors (2048K)
 Metaspace       used 7896K, committed 8000K, reserved 1114112K
  class space    used 673K, committed 704K, reserved 1048576K
}
Event: 4.250 GC heap before
{Heap before GC invocations=1 (full 0):
 garbage-first heap   total 63488K, used 14768K [0x00000000c2000000, 0x0000000100000000)
  region size 1024K, 8 young (8192K), 2 survivors (2048K)
 Metaspace       used 12623K, committed 12800K, reserved 1114112K
  class space    used 1192K, committed 1280K, reserved 1048576K
}
Event: 4.254 GC heap after
{Heap after GC invocations=2 (full 0):
 garbage-first heap   total 63488K, used 9371K [0x00000000c2000000, 0x0000000100000000)
  region size 1024K, 1 young (1024K), 1 survivors (1024K)
 Metaspace       used 12623K, committed 12800K, reserved 1114112K
  class space    used 1192K, committed 1280K, reserved 1048576K
}
Event: 5.693 GC heap before
{Heap before GC invocations=2 (full 0):
 garbage-first heap   total 63488K, used 25755K [0x00000000c2000000, 0x0000000100000000)
  region size 1024K, 18 young (18432K), 1 survivors (1024K)
 Metaspace       used 17614K, committed 17856K, reserved 1114112K
  class space    used 1863K, committed 1984K, reserved 1048576K
}
Event: 5.700 GC heap after
{Heap after GC invocations=3 (full 0):
 garbage-first heap   total 63488K, used 10349K [0x00000000c2000000, 0x0000000100000000)
  region size 1024K, 2 young (2048K), 2 survivors (2048K)
 Metaspace       used 17614K, committed 17856K, reserved 1114112K
  class space    used 1863K, committed 1984K, reserved 1048576K
}
Event: 6.444 GC heap before
{Heap before GC invocations=3 (full 0):
 garbage-first heap   total 63488K, used 26733K [0x00000000c2000000, 0x0000000100000000)
  region size 1024K, 19 young (19456K), 2 survivors (2048K)
 Metaspace       used 21328K, committed 21504K, reserved 1114112K
  class space    used 2349K, committed 2432K, reserved 1048576K
}
Event: 6.450 GC heap after
{Heap after GC invocations=4 (full 0):
 garbage-first heap   total 63488K, used 11625K [0x00000000c2000000, 0x0000000100000000)
  region size 1024K, 4 young (4096K), 4 survivors (4096K)
 Metaspace       used 21328K, committed 21504K, reserved 1114112K
  class space    used 2349K, committed 2432K, reserved 1048576K
}
Event: 7.735 GC heap before
{Heap before GC invocations=5 (full 0):
 garbage-first heap   total 48128K, used 36201K [0x00000000c2000000, 0x0000000100000000)
  region size 1024K, 28 young (28672K), 4 survivors (4096K)
 Metaspace       used 29956K, committed 30272K, reserved 1114112K
  class space    used 3386K, committed 3520K, reserved 1048576K
}
Event: 7.750 GC heap after
{Heap after GC invocations=6 (full 0):
 garbage-first heap   total 48128K, used 14736K [0x00000000c2000000, 0x0000000100000000)
  region size 1024K, 4 young (4096K), 4 survivors (4096K)
 Metaspace       used 29956K, committed 30272K, reserved 1114112K
  class space    used 3386K, committed 3520K, reserved 1048576K
}

