# JRE version: OpenJDK Runtime Environment Temurin-17.0.7+7 (17.0.7+7) (build 17.0.7+7)
# Java VM: OpenJDK 64-Bit Server VM Temurin-17.0.7+7 (17.0.7+7, mixed mode, tiered, compressed oops, compressed class ptrs, g1 gc, windows-amd64)
GC Precious Log:
 CPUs: 4 total, 4 available
 Memory: 3965M
 Large Page Support: Disabled
 NUMA Support: Disabled
 Compressed Oops: Enabled (32-bit)
 Heap Region Size: 1M
 Heap Min Capacity: 8M
 Heap Initial Capacity: 62M
 Heap Max Capacity: 992M
 Pre-touch: Disabled
 Parallel Workers: 4
 Concurrent Workers: 1
 Concurrent Refinement Workers: 4
 Periodic GC: Disabled
Heap:
 garbage-first heap   total 45056K, used 27577K [0x00000000c2000000, 0x0000000100000000)
  region size 1024K, 4 young (4096K), 2 survivors (2048K)
 Metaspace       used 35161K, committed 35456K, reserved 1114112K
  class space    used 4099K, committed 4288K, reserved 1048576K
GC Heap History (16 events):
Event: 1.270 GC heap before
{Heap before GC invocations=0 (full 0):
 garbage-first heap   total 63488K, used 12288K [0x00000000c2000000, 0x0000000100000000)
  region size 1024K, 13 young (13312K), 0 survivors (0K)
 Metaspace       used 7870K, committed 8000K, reserved 1114112K
  class space    used 673K, committed 704K, reserved 1048576K
}
Event: 1.279 GC heap after
{Heap after GC invocations=1 (full 0):
 garbage-first heap   total 63488K, used 8035K [0x00000000c2000000, 0x0000000100000000)
  region size 1024K, 2 young (2048K), 2 survivors (2048K)
 Metaspace       used 7870K, committed 8000K, reserved 1114112K
  class space    used 673K, committed 704K, reserved 1048576K
}
Event: 2.260 GC heap before
{Heap before GC invocations=1 (full 0):
 garbage-first heap   total 63488K, used 15203K [0x00000000c2000000, 0x0000000100000000)
  region size 1024K, 10 young (10240K), 2 survivors (2048K)
 Metaspace       used 13243K, committed 13376K, reserved 1114112K
  class space    used 1275K, committed 1344K, reserved 1048576K
}
Event: 2.266 GC heap after
{Heap after GC invocations=2 (full 0):
 garbage-first heap   total 63488K, used 9036K [0x00000000c2000000, 0x0000000100000000)
  region size 1024K, 1 young (1024K), 1 survivors (1024K)
 Metaspace       used 13243K, committed 13376K, reserved 1114112K
  class space    used 1275K, committed 1344K, reserved 1048576K
}
Event: 3.181 GC heap before
{Heap before GC invocations=2 (full 0):
 garbage-first heap   total 63488K, used 26444K [0x00000000c2000000, 0x0000000100000000)
  region size 1024K, 18 young (18432K), 1 survivors (1024K)
 Metaspace       used 17920K, committed 18176K, reserved 1114112K
  class space    used 1908K, committed 2048K, reserved 1048576K
}
Event: 3.186 GC heap after
{Heap after GC invocations=3 (full 0):
 garbage-first heap   total 63488K, used 9997K [0x00000000c2000000, 0x0000000100000000)
  region size 1024K, 2 young (2048K), 2 survivors (2048K)
 Metaspace       used 17920K, committed 18176K, reserved 1114112K
  class space    used 1908K, committed 2048K, reserved 1048576K
}
Event: 3.924 GC heap before
{Heap before GC invocations=3 (full 0):
 garbage-first heap   total 63488K, used 22285K [0x00000000c2000000, 0x0000000100000000)
  region size 1024K, 16 young (16384K), 2 survivors (2048K)
 Metaspace       used 21324K, committed 21504K, reserved 1114112K
  class space    used 2350K, committed 2432K, reserved 1048576K
}
Event: 3.931 GC heap after
{Heap after GC invocations=4 (full 0):
 garbage-first heap   total 63488K, used 11185K [0x00000000c2000000, 0x0000000100000000)
  region size 1024K, 4 young (4096K), 4 survivors (4096K)
 Metaspace       used 21324K, committed 21504K, reserved 1114112K
  class space    used 2350K, committed 2432K, reserved 1048576K
}
Event: 5.604 GC heap before
{Heap before GC invocations=5 (full 0):
 garbage-first heap   total 45056K, used 33713K [0x00000000c2000000, 0x0000000100000000)
  region size 1024K, 26 young (26624K), 4 survivors (4096K)
 Metaspace       used 29506K, committed 29824K, reserved 1114112K
  class space    used 3308K, committed 3456K, reserved 1048576K
}
Event: 5.618 GC heap after
{Heap after GC invocations=6 (full 0):
 garbage-first heap   total 45056K, used 14198K [0x00000000c2000000, 0x0000000100000000)
  region size 1024K, 4 young (4096K), 4 survivors (4096K)
 Metaspace       used 29506K, committed 29824K, reserved 1114112K
  class space    used 3308K, committed 3456K, reserved 1048576K
}
Event: 5.657 GC heap before
{Heap before GC invocations=6 (full 0):
 garbage-first heap   total 45056K, used 15222K [0x00000000c2000000, 0x0000000100000000)
  region size 1024K, 5 young (5120K), 4 survivors (4096K)
 Metaspace       used 29714K, committed 29952K, reserved 1114112K
  class space    used 3349K, committed 3456K, reserved 1048576K
}
Event: 5.665 GC heap after
{Heap after GC invocations=7 (full 0):
 garbage-first heap   total 45056K, used 14861K [0x00000000c2000000, 0x0000000100000000)
  region size 1024K, 1 young (1024K), 1 survivors (1024K)
 Metaspace       used 29714K, committed 29952K, reserved 1114112K
  class space    used 3349K, committed 3456K, reserved 1048576K
}
Event: 11.228 GC heap before
{Heap before GC invocations=7 (full 0):
 garbage-first heap   total 45056K, used 33293K [0x00000000c2000000, 0x0000000100000000)
  region size 1024K, 14 young (14336K), 1 survivors (1024K)
 Metaspace       used 33275K, committed 33600K, reserved 1114112K
  class space    used 3870K, committed 4032K, reserved 1048576K
}
Event: 11.231 GC heap after
{Heap after GC invocations=8 (full 0):
 garbage-first heap   total 45056K, used 20166K [0x00000000c2000000, 0x0000000100000000)
  region size 1024K, 1 young (1024K), 1 survivors (1024K)
 Metaspace       used 33275K, committed 33600K, reserved 1114112K
  class space    used 3870K, committed 4032K, reserved 1048576K
}
Event: 14.693 GC heap before
{Heap before GC invocations=8 (full 0):
 garbage-first heap   total 45056K, used 28358K [0x00000000c2000000, 0x0000000100000000)
  region size 1024K, 10 young (10240K), 1 survivors (1024K)
 Metaspace       used 35054K, committed 35392K, reserved 1114112K
  class space    used 4088K, committed 4288K, reserved 1048576K
}
Event: 14.698 GC heap after
{Heap after GC invocations=9 (full 0):
 garbage-first heap   total 45056K, used 21433K [0x00000000c2000000, 0x0000000100000000)
  region size 1024K, 2 young (2048K), 2 survivors (2048K)
 Metaspace       used 35054K, committed 35392K, reserved 1114112K
  class space    used 4088K, committed 4288K, reserved 1048576K
}

