# JRE version: OpenJDK Runtime Environment Temurin-17.0.7+7 (17.0.7+7) (build 17.0.7+7)
# Java VM: OpenJDK 64-Bit Server VM Temurin-17.0.7+7 (17.0.7+7, mixed mode, tiered, compressed oops, compressed class ptrs, g1 gc, windows-amd64)
GC Precious Log:
 CPUs: 4 total, 4 available
 Memory: 3965M
 Large Page Support: Disabled
 NUMA Support: Disabled
 Compressed Oops: Enabled (32-bit)
 Heap Region Size: 1M
 Heap Min Capacity: 8M
 Heap Initial Capacity: 62M
 Heap Max Capacity: 992M
 Pre-touch: Disabled
 Parallel Workers: 4
 Concurrent Workers: 1
 Concurrent Refinement Workers: 4
 Periodic GC: Disabled
Heap:
 garbage-first heap   total 40960K, used 27353K [0x00000000c2000000, 0x0000000100000000)
  region size 1024K, 15 young (15360K), 3 survivors (3072K)
 Metaspace       used 31498K, committed 31808K, reserved 1114112K
  class space    used 3675K, committed 3840K, reserved 1048576K
GC Heap History (10 events):
Event: 0.881 GC heap before
{Heap before GC invocations=0 (full 0):
 garbage-first heap   total 63488K, used 12288K [0x00000000c2000000, 0x0000000100000000)
  region size 1024K, 13 young (13312K), 0 survivors (0K)
 Metaspace       used 8732K, committed 8960K, reserved 1114112K
  class space    used 779K, committed 896K, reserved 1048576K
}
Event: 0.897 GC heap after
{Heap after GC invocations=1 (full 0):
 garbage-first heap   total 63488K, used 6063K [0x00000000c2000000, 0x0000000100000000)
  region size 1024K, 2 young (2048K), 2 survivors (2048K)
 Metaspace       used 8732K, committed 8960K, reserved 1114112K
  class space    used 779K, committed 896K, reserved 1048576K
}
Event: 1.874 GC heap before
{Heap before GC invocations=1 (full 0):
 garbage-first heap   total 63488K, used 17327K [0x00000000c2000000, 0x0000000100000000)
  region size 1024K, 13 young (13312K), 2 survivors (2048K)
 Metaspace       used 12574K, committed 12864K, reserved 1114112K
  class space    used 1230K, committed 1344K, reserved 1048576K
}
Event: 1.880 GC heap after
{Heap after GC invocations=2 (full 0):
 garbage-first heap   total 63488K, used 7065K [0x00000000c2000000, 0x0000000100000000)
  region size 1024K, 1 young (1024K), 1 survivors (1024K)
 Metaspace       used 12574K, committed 12864K, reserved 1114112K
  class space    used 1230K, committed 1344K, reserved 1048576K
}
Event: 2.635 GC heap before
{Heap before GC invocations=2 (full 0):
 garbage-first heap   total 63488K, used 27545K [0x00000000c2000000, 0x0000000100000000)
  region size 1024K, 21 young (21504K), 1 survivors (1024K)
 Metaspace       used 17894K, committed 18176K, reserved 1114112K
  class space    used 1980K, committed 2112K, reserved 1048576K
}
Event: 2.642 GC heap after
{Heap after GC invocations=3 (full 0):
 garbage-first heap   total 63488K, used 8103K [0x00000000c2000000, 0x0000000100000000)
  region size 1024K, 2 young (2048K), 2 survivors (2048K)
 Metaspace       used 17894K, committed 18176K, reserved 1114112K
  class space    used 1980K, committed 2112K, reserved 1048576K
}
Event: 3.015 GC heap before
{Heap before GC invocations=3 (full 0):
 garbage-first heap   total 63488K, used 15271K [0x00000000c2000000, 0x0000000100000000)
  region size 1024K, 10 young (10240K), 2 survivors (2048K)
 Metaspace       used 21183K, committed 21504K, reserved 1114112K
  class space    used 2374K, committed 2560K, reserved 1048576K
}
Event: 3.024 GC heap after
{Heap after GC invocations=4 (full 0):
 garbage-first heap   total 63488K, used 9467K [0x00000000c2000000, 0x0000000100000000)
  region size 1024K, 4 young (4096K), 4 survivors (4096K)
 Metaspace       used 21183K, committed 21504K, reserved 1114112K
  class space    used 2374K, committed 2560K, reserved 1048576K
}
Event: 3.924 GC heap before
{Heap before GC invocations=5 (full 0):
 garbage-first heap   total 40960K, used 27899K [0x00000000c2000000, 0x0000000100000000)
  region size 1024K, 24 young (24576K), 4 survivors (4096K)
 Metaspace       used 28401K, committed 28736K, reserved 1114112K
  class space    used 3230K, committed 3392K, reserved 1048576K
}
Event: 3.938 GC heap after
{Heap after GC invocations=6 (full 0):
 garbage-first heap   total 40960K, used 11993K [0x00000000c2000000, 0x0000000100000000)
  region size 1024K, 3 young (3072K), 3 survivors (3072K)
 Metaspace       used 28401K, committed 28736K, reserved 1114112K
  class space    used 3230K, committed 3392K, reserved 1048576K
}

