# JRE version: OpenJDK Runtime Environment Temurin-17.0.7+7 (17.0.7+7) (build 17.0.7+7)
# Java VM: OpenJDK 64-Bit Server VM Temurin-17.0.7+7 (17.0.7+7, mixed mode, tiered, compressed oops, compressed class ptrs, g1 gc, windows-amd64)
GC Precious Log:
 CPUs: 4 total, 4 available
 Memory: 3965M
 Large Page Support: Disabled
 NUMA Support: Disabled
 Compressed Oops: Enabled (32-bit)
 Heap Region Size: 1M
 Heap Min Capacity: 8M
 Heap Initial Capacity: 62M
 Heap Max Capacity: 992M
 Pre-touch: Disabled
 Parallel Workers: 4
 Concurrent Workers: 1
 Concurrent Refinement Workers: 4
 Periodic GC: Disabled
Heap:
 garbage-first heap   total 46080K, used 28367K [0x00000000c2000000, 0x0000000100000000)
  region size 1024K, 8 young (8192K), 2 survivors (2048K)
 Metaspace       used 33518K, committed 33920K, reserved 1114112K
  class space    used 3931K, committed 4096K, reserved 1048576K
GC Heap History (16 events):
Event: 0.816 GC heap before
{Heap before GC invocations=0 (full 0):
 garbage-first heap   total 63488K, used 12288K [0x00000000c2000000, 0x0000000100000000)
  region size 1024K, 13 young (13312K), 0 survivors (0K)
 Metaspace       used 8731K, committed 8960K, reserved 1114112K
  class space    used 779K, committed 896K, reserved 1048576K
}
Event: 0.825 GC heap after
{Heap after GC invocations=1 (full 0):
 garbage-first heap   total 63488K, used 5951K [0x00000000c2000000, 0x0000000100000000)
  region size 1024K, 2 young (2048K), 2 survivors (2048K)
 Metaspace       used 8731K, committed 8960K, reserved 1114112K
  class space    used 779K, committed 896K, reserved 1048576K
}
Event: 1.558 GC heap before
{Heap before GC invocations=1 (full 0):
 garbage-first heap   total 63488K, used 17215K [0x00000000c2000000, 0x0000000100000000)
  region size 1024K, 13 young (13312K), 2 survivors (2048K)
 Metaspace       used 12665K, committed 12928K, reserved 1114112K
  class space    used 1247K, committed 1344K, reserved 1048576K
}
Event: 1.566 GC heap after
{Heap after GC invocations=2 (full 0):
 garbage-first heap   total 63488K, used 6789K [0x00000000c2000000, 0x0000000100000000)
  region size 1024K, 1 young (1024K), 1 survivors (1024K)
 Metaspace       used 12665K, committed 12928K, reserved 1114112K
  class space    used 1247K, committed 1344K, reserved 1048576K
}
Event: 2.503 GC heap before
{Heap before GC invocations=2 (full 0):
 garbage-first heap   total 63488K, used 27269K [0x00000000c2000000, 0x0000000100000000)
  region size 1024K, 21 young (21504K), 1 survivors (1024K)
 Metaspace       used 18307K, committed 18560K, reserved 1114112K
  class space    used 2017K, committed 2176K, reserved 1048576K
}
Event: 2.512 GC heap after
{Heap after GC invocations=3 (full 0):
 garbage-first heap   total 63488K, used 8293K [0x00000000c2000000, 0x0000000100000000)
  region size 1024K, 3 young (3072K), 3 survivors (3072K)
 Metaspace       used 18307K, committed 18560K, reserved 1114112K
  class space    used 2017K, committed 2176K, reserved 1048576K
}
Event: 2.942 GC heap before
{Heap before GC invocations=3 (full 0):
 garbage-first heap   total 63488K, used 14437K [0x00000000c2000000, 0x0000000100000000)
  region size 1024K, 10 young (10240K), 3 survivors (3072K)
 Metaspace       used 21200K, committed 21504K, reserved 1114112K
  class space    used 2374K, committed 2560K, reserved 1048576K
}
Event: 2.950 GC heap after
{Heap after GC invocations=4 (full 0):
 garbage-first heap   total 63488K, used 9444K [0x00000000c2000000, 0x0000000100000000)
  region size 1024K, 4 young (4096K), 4 survivors (4096K)
 Metaspace       used 21200K, committed 21504K, reserved 1114112K
  class space    used 2374K, committed 2560K, reserved 1048576K
}
Event: 3.854 GC heap before
{Heap before GC invocations=5 (full 0):
 garbage-first heap   total 37888K, used 27876K [0x00000000c2000000, 0x0000000100000000)
  region size 1024K, 22 young (22528K), 4 survivors (4096K)
 Metaspace       used 27758K, committed 28032K, reserved 1114112K
  class space    used 3117K, committed 3264K, reserved 1048576K
}
Event: 3.873 GC heap after
{Heap after GC invocations=6 (full 0):
 garbage-first heap   total 37888K, used 11585K [0x00000000c2000000, 0x0000000100000000)
  region size 1024K, 3 young (3072K), 3 survivors (3072K)
 Metaspace       used 27758K, committed 28032K, reserved 1114112K
  class space    used 3117K, committed 3264K, reserved 1048576K
}
Event: 3.911 GC heap before
{Heap before GC invocations=6 (full 0):
 garbage-first heap   total 37888K, used 12609K [0x00000000c2000000, 0x0000000100000000)
  region size 1024K, 4 young (4096K), 3 survivors (3072K)
 Metaspace       used 28021K, committed 28352K, reserved 1114112K
  class space    used 3159K, committed 3328K, reserved 1048576K
}
Event: 3.922 GC heap after
{Heap after GC invocations=7 (full 0):
 garbage-first heap   total 46080K, used 12390K [0x00000000c2000000, 0x0000000100000000)
  region size 1024K, 1 young (1024K), 1 survivors (1024K)
 Metaspace       used 28021K, committed 28352K, reserved 1114112K
  class space    used 3159K, committed 3328K, reserved 1048576K
}
Event: 72.082 GC heap before
{Heap before GC invocations=7 (full 0):
 garbage-first heap   total 46080K, used 33894K [0x00000000c2000000, 0x0000000100000000)
  region size 1024K, 18 young (18432K), 1 survivors (1024K)
 Metaspace       used 32025K, committed 32320K, reserved 1114112K
  class space    used 3750K, committed 3904K, reserved 1048576K
}
Event: 72.088 GC heap after
{Heap after GC invocations=8 (full 0):
 garbage-first heap   total 46080K, used 17945K [0x00000000c2000000, 0x0000000100000000)
  region size 1024K, 1 young (1024K), 1 survivors (1024K)
 Metaspace       used 32025K, committed 32320K, reserved 1114112K
  class space    used 3750K, committed 3904K, reserved 1048576K
}
Event: 72.198 GC heap before
{Heap before GC invocations=8 (full 0):
 garbage-first heap   total 46080K, used 18969K [0x00000000c2000000, 0x0000000100000000)
  region size 1024K, 3 young (3072K), 1 survivors (1024K)
 Metaspace       used 32044K, committed 32384K, reserved 1114112K
  class space    used 3750K, committed 3904K, reserved 1048576K
}
Event: 72.203 GC heap after
{Heap after GC invocations=9 (full 0):
 garbage-first heap   total 46080K, used 18127K [0x00000000c2000000, 0x0000000100000000)
  region size 1024K, 2 young (2048K), 2 survivors (2048K)
 Metaspace       used 32044K, committed 32384K, reserved 1114112K
  class space    used 3750K, committed 3904K, reserved 1048576K
}

