<?xml version="1.0" encoding="UTF-8"?>
<testng-results ignored="0" total="1" passed="1" failed="0" skipped="0">
  <reporter-output>
  </reporter-output>
  <suite started-at="2023-10-31T05:21:34 PDT" name="Default suite" finished-at="2023-10-31T05:21:42 PDT" duration-ms="8137">
    <groups>
    </groups>
    <test started-at="2023-10-31T05:21:34 PDT" name="Default test" finished-at="2023-10-31T05:21:42 PDT" duration-ms="8137">
      <class name="testcase.TC_002_LoginTest">
        <test-method is-config="true" signature="setup()[pri:0, instance:testcase.TC_002_LoginTest@17f62e33]" started-at="2023-10-31T05:21:34 PDT" name="setup" finished-at="2023-10-31T05:21:40 PDT" duration-ms="6240" status="PASS">
          <reporter-output>
          </reporter-output>
        </test-method> <!-- setup -->
        <test-method signature="test_login()[pri:0, instance:testcase.TC_002_LoginTest@17f62e33]" started-at="2023-10-31T05:21:40 PDT" name="test_login" finished-at="2023-10-31T05:21:41 PDT" duration-ms="1159" status="PASS">
          <reporter-output>
          </reporter-output>
        </test-method> <!-- test_login -->
        <test-method is-config="true" signature="teardown()[pri:0, instance:testcase.TC_002_LoginTest@17f62e33]" started-at="2023-10-31T05:21:41 PDT" name="teardown" finished-at="2023-10-31T05:21:42 PDT" duration-ms="663" status="PASS">
          <reporter-output>
          </reporter-output>
        </test-method> <!-- teardown -->
      </class> <!-- testcase.TC_002_LoginTest -->
    </test> <!-- Default test -->
  </suite> <!-- Default suite -->
</testng-results>
